<?xml version="1.0" encoding="UTF-8"?>
<!-- Generated by org.testng.reporters.JUnitReportReporter -->
<testsuite hostname="DESKTOP-AHPFT33" failures="0" tests="1" name="student.StudentExamMarks_SMS" time="2.880" errors="0" timestamp="2023-07-10T13:40:06 IST" skipped="0">
  <testcase classname="student.StudentExamMarks_SMS" name="ExamMarksGraph" time="2.880"/>
  <system-out/>
</testsuite> <!-- student.StudentExamMarks_SMS -->
