<?xml version="1.0" encoding="UTF-8"?>
<!-- Generated by org.testng.reporters.JUnitReportReporter -->
<testsuite hostname="DESKTOP-AHPFT33" failures="0" tests="1" name="student.StudentSubject_SMSTest" time="3.932" errors="0" timestamp="2023-07-11T13:14:26 IST" skipped="0">
  <testcase classname="student.StudentSubject_SMSTest" name="Subject" time="3.932"/>
  <system-out/>
</testsuite> <!-- student.StudentSubject_SMSTest -->
