<?xml version="1.0" encoding="UTF-8"?>
<!-- Generated by org.testng.reporters.JUnitReportReporter -->
<testsuite hostname="DESKTOP-AHPFT33" failures="0" tests="1" name="student.StudentExamMarks_SMSTest" time="5.727" errors="0" timestamp="2023-07-11T13:14:26 IST" skipped="0">
  <testcase classname="student.StudentExamMarks_SMSTest" name="ExamMarksGraph" time="5.727"/>
  <system-out/>
</testsuite> <!-- student.StudentExamMarks_SMSTest -->
