<?xml version="1.0" encoding="UTF-8"?>
<!-- Generated by org.testng.reporters.JUnitReportReporter -->
<testsuite hostname="DESKTOP-AHPFT33" failures="0" tests="1" name="student.StudentSubject_SMS" time="4.110" errors="0" timestamp="2023-07-10T13:32:50 IST" skipped="0">
  <testcase classname="student.StudentSubject_SMS" name="Subject" time="4.110"/>
  <system-out/>
</testsuite> <!-- student.StudentSubject_SMS -->
