<?xml version="1.0" encoding="UTF-8"?>
<!-- Generated by org.testng.reporters.JUnitReportReporter -->
<testsuite hostname="DESKTOP-AHPFT33" failures="0" tests="2" name="student.TestNGExecution" time="0.019" errors="0" timestamp="2023-07-05T13:14:28 IST" skipped="0">
  <testcase classname="student.TestNGExecution" name="test1" time="0.006"/>
  <system-out/>
  <testcase classname="student.TestNGExecution" name="test" time="0.013"/>
  <system-out/>
</testsuite> <!-- student.TestNGExecution -->
